<?xml version="1.0" encoding="UTF-8"?>
<robot generator="Robot 5.0.1 (Python 3.10.5 on win32)" generated="20220817 11:59:27.980" rpa="false" schemaversion="3">
<suite id="s1" name="Workoncode" source="C:\Users\kolat\PycharmProjects\RobotFramework\VendorPM\Test\workoncode.robot">
<test id="s1-t1" name="Validate login page" line="22">
<kw name="open the browser with the Stage url" library="Generic" type="SETUP">
<kw name="Create Webdriver" library="SeleniumLibrary">
<arg>Chrome</arg>
<arg>executable_path=C:/Users/kolat/PycharmProjects/RobotFramework/VendorPM/Browser/chromedriver_win32/chromedriver.exe</arg>
<doc>Creates an instance of Selenium WebDriver.</doc>
<msg timestamp="20220817 11:59:28.169" level="INFO">Creating an instance of the Chrome WebDriver.</msg>
<status status="PASS" starttime="20220817 11:59:28.169" endtime="20220817 11:59:29.205"/>
</kw>
<kw name="Go To" library="SeleniumLibrary">
<arg>${url}</arg>
<doc>Navigates the current browser window to the provided ``url``.</doc>
<msg timestamp="20220817 11:59:29.206" level="INFO">Opening url 'https://qa.vendorpm.com/login'</msg>
<status status="PASS" starttime="20220817 11:59:29.205" endtime="20220817 11:59:31.458"/>
</kw>
<status status="PASS" starttime="20220817 11:59:28.168" endtime="20220817 11:59:31.458"/>
</kw>
<kw name="validate page contents">
<kw name="Wait Until Page Contains Element" library="SeleniumLibrary">
<arg>xpath:(//button[@type='submit'])</arg>
<doc>Waits until the element ``locator`` appears on the current page.</doc>
<status status="PASS" starttime="20220817 11:59:31.459" endtime="20220817 11:59:31.468"/>
</kw>
<kw name="Element Text Should Be" library="SeleniumLibrary">
<arg>xpath=//label[@title='Email Address']</arg>
<arg>Email Address</arg>
<doc>Verifies that element ``locator`` contains exact the text ``expected``.</doc>
<msg timestamp="20220817 11:59:31.468" level="INFO">Verifying element 'xpath=//label[@title='Email Address']' contains exact text 'Email Address'.</msg>
<status status="PASS" starttime="20220817 11:59:31.468" endtime="20220817 11:59:31.494"/>
</kw>
<kw name="Element Text Should Be" library="SeleniumLibrary">
<arg>xpath=//label[@title='Password']</arg>
<arg>Password</arg>
<doc>Verifies that element ``locator`` contains exact the text ``expected``.</doc>
<msg timestamp="20220817 11:59:31.494" level="INFO">Verifying element 'xpath=//label[@title='Password']' contains exact text 'Password'.</msg>
<status status="PASS" starttime="20220817 11:59:31.494" endtime="20220817 11:59:31.510"/>
</kw>
<kw name="Page Should Contain Element" library="SeleniumLibrary">
<arg>xpath=//body/div[@id='root']/section[@id='landing-layout']/main/div[@id='login']/div[@id='login-col']/div/div[1]/div[2]</arg>
<doc>Verifies that element ``locator`` is found on the current page.</doc>
<msg timestamp="20220817 11:59:31.521" level="INFO">Current page contains element 'xpath=//body/div[@id='root']/section[@id='landing-layout']/main/div[@id='login']/div[@id='login-col']/div/div[1]/div[2]'.</msg>
<status status="PASS" starttime="20220817 11:59:31.510" endtime="20220817 11:59:31.521"/>
</kw>
<kw name="Page Should Contain Checkbox" library="SeleniumLibrary">
<arg>xpath=//input[@type='checkbox']</arg>
<doc>Verifies checkbox ``locator`` is found from the current page.</doc>
<msg timestamp="20220817 11:59:31.543" level="INFO">Current page contains checkbox 'xpath=//input[@type='checkbox']'.</msg>
<status status="PASS" starttime="20220817 11:59:31.521" endtime="20220817 11:59:31.543"/>
</kw>
<kw name="Page Should Contain Element" library="SeleniumLibrary">
<arg>xpath=//a[@href='/signup']//span</arg>
<doc>Verifies that element ``locator`` is found on the current page.</doc>
<msg timestamp="20220817 11:59:31.549" level="INFO">Current page contains element 'xpath=//a[@href='/signup']//span'.</msg>
<status status="PASS" starttime="20220817 11:59:31.543" endtime="20220817 11:59:31.549"/>
</kw>
<status status="PASS" starttime="20220817 11:59:31.459" endtime="20220817 11:59:31.550"/>
</kw>
<kw name="Login with valid credentails">
<kw name="Reload Page" library="SeleniumLibrary">
<doc>Simulates user reloading page.</doc>
<status status="PASS" starttime="20220817 11:59:31.550" endtime="20220817 11:59:31.554"/>
</kw>
<kw name="Wait Until Page Contains Element" library="SeleniumLibrary">
<arg>xpath:(//button[@type='submit'])</arg>
<doc>Waits until the element ``locator`` appears on the current page.</doc>
<status status="PASS" starttime="20220817 11:59:31.554" endtime="20220817 11:59:32.749"/>
</kw>
<kw name="Fill the login Form" library="LandingPage">
<arg>${user_name_PM}</arg>
<arg>${valid_password}</arg>
<kw name="Input Text" library="SeleniumLibrary">
<arg>xpath:(//input[@id='basic_email'])</arg>
<arg>${username}</arg>
<doc>Types the given ``text`` into the text field identified by ``locator``.</doc>
<msg timestamp="20220817 11:59:32.750" level="INFO">Typing text 'testpmenttdel@test.com' into text field 'xpath:(//input[@id='basic_email'])'.</msg>
<status status="PASS" starttime="20220817 11:59:32.750" endtime="20220817 11:59:32.841"/>
</kw>
<kw name="Input Password" library="SeleniumLibrary">
<arg>xpath:(//input[@id='basic_password'])</arg>
<arg>${password}</arg>
<doc>Types the given password into the text field identified by ``locator``.</doc>
<msg timestamp="20220817 11:59:32.842" level="INFO">Typing password into text field 'xpath:(//input[@id='basic_password'])'.</msg>
<msg timestamp="20220817 11:59:32.869" level="INFO">Temporally setting log level to: NONE</msg>
<msg timestamp="20220817 11:59:32.904" level="INFO">Log level changed from NONE to INFO.</msg>
<status status="PASS" starttime="20220817 11:59:32.842" endtime="20220817 11:59:32.904"/>
</kw>
<kw name="Click Button" library="SeleniumLibrary">
<arg>xpath:(//button[@type='submit'])</arg>
<doc>Clicks the button identified by ``locator``.</doc>
<msg timestamp="20220817 11:59:32.905" level="INFO">Clicking button 'xpath:(//button[@type='submit'])'.</msg>
<status status="PASS" starttime="20220817 11:59:32.904" endtime="20220817 11:59:32.948"/>
</kw>
<status status="PASS" starttime="20220817 11:59:32.749" endtime="20220817 11:59:32.948"/>
</kw>
<status status="PASS" starttime="20220817 11:59:31.550" endtime="20220817 11:59:32.948"/>
</kw>
<kw name="verify page contents on dashboard">
<kw name="wait until Element is located in the page" library="DashboardPage">
<kw name="Wait Until Page Contains Element" library="SeleniumLibrary">
<arg>${Valid_Message_Login_PM}</arg>
<doc>Waits until the element ``locator`` appears on the current page.</doc>
<status status="PASS" starttime="20220817 11:59:32.949" endtime="20220817 11:59:37.325"/>
</kw>
<status status="PASS" starttime="20220817 11:59:32.949" endtime="20220817 11:59:37.325"/>
</kw>
<status status="PASS" starttime="20220817 11:59:32.949" endtime="20220817 11:59:37.325"/>
</kw>
<kw name="Verify Logout">
<kw name="wait until Element is located in the page" library="CreateRFQbybutton">
<kw name="Maximize Browser Window" library="SeleniumLibrary">
<doc>Maximizes current browser window.</doc>
<status status="PASS" starttime="20220817 11:59:37.326" endtime="20220817 11:59:37.446"/>
</kw>
<kw name="Wait Until Page Contains Element" library="SeleniumLibrary">
<arg>${Create_quote_Request}</arg>
<doc>Waits until the element ``locator`` appears on the current page.</doc>
<status status="PASS" starttime="20220817 11:59:37.447" endtime="20220817 11:59:37.454"/>
</kw>
<status status="PASS" starttime="20220817 11:59:37.326" endtime="20220817 11:59:37.454"/>
</kw>
<kw name="Verify Logout options" library="Marketplace">
<kw name="Wait Until Page Contains Element" library="SeleniumLibrary">
<arg>${open_logout}</arg>
<doc>Waits until the element ``locator`` appears on the current page.</doc>
<status status="PASS" starttime="20220817 11:59:37.455" endtime="20220817 11:59:37.463"/>
</kw>
<kw name="Click Element" library="SeleniumLibrary">
<arg>${open_logout}</arg>
<doc>Click the element identified by ``locator``.</doc>
<msg timestamp="20220817 11:59:37.464" level="INFO">Clicking element 'xpath:(//p[normalize-space()='testpm pmvendor'])'.</msg>
<status status="PASS" starttime="20220817 11:59:37.463" endtime="20220817 11:59:37.509"/>
</kw>
<kw name="Set Selenium Implicit Wait" library="SeleniumLibrary">
<arg>5</arg>
<doc>Sets the implicit wait value used by Selenium.</doc>
<status status="PASS" starttime="20220817 11:59:37.509" endtime="20220817 11:59:37.511"/>
</kw>
<kw name="Wait Until Page Contains Element" library="SeleniumLibrary">
<arg>${logout}</arg>
<doc>Waits until the element ``locator`` appears on the current page.</doc>
<status status="PASS" starttime="20220817 11:59:37.511" endtime="20220817 11:59:37.521"/>
</kw>
<status status="PASS" starttime="20220817 11:59:37.454" endtime="20220817 11:59:37.521"/>
</kw>
<kw name="Logout as PM" library="Marketplace">
<kw name="Click Element" library="SeleniumLibrary">
<arg>${logout}</arg>
<doc>Click the element identified by ``locator``.</doc>
<msg timestamp="20220817 11:59:37.522" level="INFO">Clicking element 'xpath:(//span[normalize-space()='Logout'])'.</msg>
<msg timestamp="20220817 11:59:38.680" level="INFO" html="true">&lt;/td&gt;&lt;/tr&gt;&lt;tr&gt;&lt;td colspan="3"&gt;&lt;a href="selenium-screenshot-2.png"&gt;&lt;img src="selenium-screenshot-2.png" width="800px"&gt;&lt;/a&gt;</msg>
<msg timestamp="20220817 11:59:38.681" level="FAIL">ElementClickInterceptedException: Message: element click intercepted: Element &lt;span class="ant-menu-title-content"&gt;...&lt;/span&gt; is not clickable at point (1704, 207). Other element would receive the click: &lt;a target="_blank" rel="noopener noreferrer" href="https://help.vendorpm.com/"&gt;...&lt;/a&gt;
  (Session info: chrome=104.0.5112.81)
Stacktrace:
Backtrace:
	Ordinal0 [0x00BF78B3+2193587]
	Ordinal0 [0x00B90681+1771137]
	Ordinal0 [0x00AA41A8+803240]
	Ordinal0 [0x00AD8C84+1019012]
	Ordinal0 [0x00AD6C48+1010760]
	Ordinal0 [0x00AD493B+1001787]
	Ordinal0 [0x00AD3699+997017]
	Ordinal0 [0x00AC9223+954915]
	Ordinal0 [0x00AED7AC+1103788]
	Ordinal0 [0x00AC8C04+953348]
	Ordinal0 [0x00AED9C4+1104324]
	Ordinal0 [0x00AFDAE2+1170146]
	Ordinal0 [0x00AED5C6+1103302]
	Ordinal0 [0x00AC77E0+948192]
	Ordinal0 [0x00AC86E6+952038]
	GetHandleVerifier [0x00EA0CB2+2738370]
	GetHandleVerifier [0x00E921B8+2678216]
	GetHandleVerifier [0x00C817AA+512954]
	GetHandleVerifier [0x00C80856+509030]
	Ordinal0 [0x00B9743B+1799227]
	Ordinal0 [0x00B9BB68+1817448]
	Ordinal0 [0x00B9BC55+1817685]
	Ordinal0 [0x00BA5230+1856048]
	BaseThreadInitThunk [0x75A06739+25]
	RtlGetFullPathName_UEx [0x76EF90AF+1215]
	RtlGetFullPathName_UEx [0x76EF907D+1165]
</msg>
<status status="FAIL" starttime="20220817 11:59:37.522" endtime="20220817 11:59:38.689"/>
</kw>
<kw name="Set Selenium Implicit Wait" library="SeleniumLibrary">
<arg>5</arg>
<doc>Sets the implicit wait value used by Selenium.</doc>
<status status="NOT RUN" starttime="20220817 11:59:38.689" endtime="20220817 11:59:38.689"/>
</kw>
<status status="FAIL" starttime="20220817 11:59:37.522" endtime="20220817 11:59:38.690"/>
</kw>
<kw name="Wait Until Page Contains Element" library="SeleniumLibrary">
<arg>xpath:(//button[@type='submit'])</arg>
<doc>Waits until the element ``locator`` appears on the current page.</doc>
<status status="NOT RUN" starttime="20220817 11:59:38.690" endtime="20220817 11:59:38.690"/>
</kw>
<kw name="Element Text Should Be" library="SeleniumLibrary">
<arg>xpath=//label[@title='Email Address']</arg>
<arg>Email Address</arg>
<doc>Verifies that element ``locator`` contains exact the text ``expected``.</doc>
<status status="NOT RUN" starttime="20220817 11:59:38.690" endtime="20220817 11:59:38.690"/>
</kw>
<kw name="Element Text Should Be" library="SeleniumLibrary">
<arg>xpath=//label[@title='Password']</arg>
<arg>Password</arg>
<doc>Verifies that element ``locator`` contains exact the text ``expected``.</doc>
<status status="NOT RUN" starttime="20220817 11:59:38.690" endtime="20220817 11:59:38.690"/>
</kw>
<kw name="Page Should Contain Element" library="SeleniumLibrary">
<arg>xpath=//body/div[@id='root']/section[@id='landing-layout']/main/div[@id='login']/div[@id='login-col']/div/div[1]/div[2]</arg>
<doc>Verifies that element ``locator`` is found on the current page.</doc>
<status status="NOT RUN" starttime="20220817 11:59:38.690" endtime="20220817 11:59:38.690"/>
</kw>
<kw name="Page Should Contain Checkbox" library="SeleniumLibrary">
<arg>xpath=//input[@type='checkbox']</arg>
<doc>Verifies checkbox ``locator`` is found from the current page.</doc>
<status status="NOT RUN" starttime="20220817 11:59:38.690" endtime="20220817 11:59:38.690"/>
</kw>
<kw name="Page Should Contain Element" library="SeleniumLibrary">
<arg>xpath=//a[@href='/signup']//span</arg>
<doc>Verifies that element ``locator`` is found on the current page.</doc>
<status status="NOT RUN" starttime="20220817 11:59:38.690" endtime="20220817 11:59:38.690"/>
</kw>
<status status="FAIL" starttime="20220817 11:59:37.325" endtime="20220817 11:59:38.691"/>
</kw>
<kw name="Login with valid credentails Vendor">
<status status="NOT RUN" starttime="20220817 11:59:38.691" endtime="20220817 11:59:38.691"/>
</kw>
<status status="FAIL" starttime="20220817 11:59:28.168" endtime="20220817 11:59:38.691">ElementClickInterceptedException: Message: element click intercepted: Element &lt;span class="ant-menu-title-content"&gt;...&lt;/span&gt; is not clickable at point (1704, 207). Other element would receive the click: &lt;a target="_blank" rel="noopener noreferrer" href="https://help.vendorpm.com/"&gt;...&lt;/a&gt;
  (Session info: chrome=104.0.5112.81)
Stacktrace:
Backtrace:
	Ordinal0 [0x00BF78B3+2193587]
	Ordinal0 [0x00B90681+1771137]
	Ordinal0 [0x00AA41A8+803240]
	Ordinal0 [0x00AD8C84+1019012]
	Ordinal0 [0x00AD6C48+1010760]
	Ordinal0 [0x00AD493B+1001787]
	Ordinal0 [0x00AD3699+997017]
	Ordinal0 [0x00AC9223+954915]
	Ordinal0 [0x00AED7AC+1103788]
	Ordinal0 [0x00AC8C04+953348]
	Ordinal0 [0x00AED9C4+1104324]
	Ordinal0 [0x00AFDAE2+1170146]
	Ordinal0 [0x00AED5C6+1103302]
	Ordinal0 [0x00AC77E0+948192]
	Ordinal0 [0x00AC86E6+952038]
	GetHandleVerifier [0x00EA0CB2+2738370]
	GetHandleVerifier [0x00E921B8+2678216]
	GetHandleVerifier [0x00C817AA+512954]
	GetHandleVerifier [0x00C80856+509030]
	Ordinal0 [0x00B9743B+1799227]
	Ordinal0 [0x00B9BB68+1817448]
	Ordinal0 [0x00B9BC55+1817685]
	Ordinal0 [0x00BA5230+1856048]
	BaseThreadInitThunk [0x75A06739+25]
	RtlGetFullPathName_UEx [0x76EF90AF+1215]
	RtlGetFullPathName_UEx [0x76EF907D+1165]
</status>
</test>
<doc>To validate the login page</doc>
<status status="FAIL" starttime="20220817 11:59:27.982" endtime="20220817 11:59:38.694"/>
</suite>
<statistics>
<total>
<stat pass="0" fail="1" skip="0">All Tests</stat>
</total>
<tag>
</tag>
<suite>
<stat pass="0" fail="1" skip="0" id="s1" name="Workoncode">Workoncode</stat>
</suite>
</statistics>
<errors>
</errors>
</robot>
