<?xml version="1.0" encoding="UTF-8"?>
<robot generator="Robot 5.0.1 (Python 3.10.5 on win32)" generated="20220810 10:52:24.235" rpa="false" schemaversion="3">
<suite id="s1" name="Test" source="C:\Users\kolat\PycharmProjects\RobotFramework\VendorPM\Test">
<suite id="s1-s1" name="Workoncodeupload" source="C:\Users\kolat\PycharmProjects\RobotFramework\VendorPM\Test\Workoncodeupload.robot">
<test id="s1-s1-t1" name="Validate login page" line="21">
<kw name="open the browser with the Stage url" library="Generic" type="SETUP">
<kw name="Create Webdriver" library="SeleniumLibrary">
<arg>Chrome</arg>
<arg>executable_path=C:/Users/kolat/PycharmProjects/RobotFramework/VendorPM/Browser/chromedriver_win32/chromedriver.exe</arg>
<doc>Creates an instance of Selenium WebDriver.</doc>
<msg timestamp="20220810 10:52:24.797" level="INFO">Creating an instance of the Chrome WebDriver.</msg>
<status status="PASS" starttime="20220810 10:52:24.796" endtime="20220810 10:52:26.842"/>
</kw>
<kw name="Go To" library="SeleniumLibrary">
<arg>${url}</arg>
<doc>Navigates the current browser window to the provided ``url``.</doc>
<msg timestamp="20220810 10:52:26.844" level="INFO">Opening url 'https://stage.vendorpm.com/login'</msg>
<status status="PASS" starttime="20220810 10:52:26.843" endtime="20220810 10:52:30.567"/>
</kw>
<status status="PASS" starttime="20220810 10:52:24.795" endtime="20220810 10:52:30.568"/>
</kw>
<kw name="validate page contents">
<kw name="Wait Until Page Contains Element" library="SeleniumLibrary">
<arg>xpath:(//button[@type='submit'])</arg>
<doc>Waits until the element ``locator`` appears on the current page.</doc>
<status status="PASS" starttime="20220810 10:52:30.569" endtime="20220810 10:52:30.929"/>
</kw>
<kw name="Element Text Should Be" library="SeleniumLibrary">
<arg>xpath=//label[@title='Email Address']</arg>
<arg>Email Address</arg>
<doc>Verifies that element ``locator`` contains exact the text ``expected``.</doc>
<msg timestamp="20220810 10:52:30.929" level="INFO">Verifying element 'xpath=//label[@title='Email Address']' contains exact text 'Email Address'.</msg>
<status status="PASS" starttime="20220810 10:52:30.929" endtime="20220810 10:52:30.969"/>
</kw>
<kw name="Element Text Should Be" library="SeleniumLibrary">
<arg>xpath=//label[@title='Password']</arg>
<arg>Password</arg>
<doc>Verifies that element ``locator`` contains exact the text ``expected``.</doc>
<msg timestamp="20220810 10:52:30.970" level="INFO">Verifying element 'xpath=//label[@title='Password']' contains exact text 'Password'.</msg>
<status status="PASS" starttime="20220810 10:52:30.970" endtime="20220810 10:52:31.085"/>
</kw>
<kw name="Page Should Contain Element" library="SeleniumLibrary">
<arg>xpath=//body/div[@id='root']/section[@id='landing-layout']/main/div[@id='login']/div[@id='login-col']/div/div[1]/div[2]</arg>
<doc>Verifies that element ``locator`` is found on the current page.</doc>
<msg timestamp="20220810 10:52:31.105" level="INFO">Current page contains element 'xpath=//body/div[@id='root']/section[@id='landing-layout']/main/div[@id='login']/div[@id='login-col']/div/div[1]/div[2]'.</msg>
<status status="PASS" starttime="20220810 10:52:31.085" endtime="20220810 10:52:31.105"/>
</kw>
<kw name="Page Should Contain Checkbox" library="SeleniumLibrary">
<arg>xpath=//input[@type='checkbox']</arg>
<doc>Verifies checkbox ``locator`` is found from the current page.</doc>
<msg timestamp="20220810 10:52:31.143" level="INFO">Current page contains checkbox 'xpath=//input[@type='checkbox']'.</msg>
<status status="PASS" starttime="20220810 10:52:31.105" endtime="20220810 10:52:31.143"/>
</kw>
<kw name="Page Should Contain Element" library="SeleniumLibrary">
<arg>xpath=//a[@href='/signup']//span</arg>
<doc>Verifies that element ``locator`` is found on the current page.</doc>
<msg timestamp="20220810 10:52:31.159" level="INFO">Current page contains element 'xpath=//a[@href='/signup']//span'.</msg>
<status status="PASS" starttime="20220810 10:52:31.143" endtime="20220810 10:52:31.159"/>
</kw>
<status status="PASS" starttime="20220810 10:52:30.568" endtime="20220810 10:52:31.160"/>
</kw>
<kw name="Login with valid credentails">
<kw name="Reload Page" library="SeleniumLibrary">
<doc>Simulates user reloading page.</doc>
<status status="PASS" starttime="20220810 10:52:31.161" endtime="20220810 10:52:31.167"/>
</kw>
<kw name="Wait Until Page Contains Element" library="SeleniumLibrary">
<arg>xpath:(//button[@type='submit'])</arg>
<doc>Waits until the element ``locator`` appears on the current page.</doc>
<status status="PASS" starttime="20220810 10:52:31.167" endtime="20220810 10:52:33.888"/>
</kw>
<kw name="Fill the login Form" library="LandingPage">
<arg>${user_name}</arg>
<arg>${valid_password}</arg>
<kw name="Input Text" library="SeleniumLibrary">
<arg>xpath:(//input[@id='basic_email'])</arg>
<arg>${username}</arg>
<doc>Types the given ``text`` into the text field identified by ``locator``.</doc>
<msg timestamp="20220810 10:52:33.890" level="INFO">Typing text 'testpmenttdel@test.com' into text field 'xpath:(//input[@id='basic_email'])'.</msg>
<status status="PASS" starttime="20220810 10:52:33.889" endtime="20220810 10:52:34.338"/>
</kw>
<kw name="Input Password" library="SeleniumLibrary">
<arg>xpath:(//input[@id='basic_password'])</arg>
<arg>${password}</arg>
<doc>Types the given password into the text field identified by ``locator``.</doc>
<msg timestamp="20220810 10:52:34.340" level="INFO">Typing password into text field 'xpath:(//input[@id='basic_password'])'.</msg>
<msg timestamp="20220810 10:52:34.411" level="INFO">Temporally setting log level to: NONE</msg>
<msg timestamp="20220810 10:52:34.608" level="INFO">Log level changed from NONE to INFO.</msg>
<status status="PASS" starttime="20220810 10:52:34.338" endtime="20220810 10:52:34.608"/>
</kw>
<kw name="Click Button" library="SeleniumLibrary">
<arg>xpath:(//button[@type='submit'])</arg>
<doc>Clicks the button identified by ``locator``.</doc>
<msg timestamp="20220810 10:52:34.609" level="INFO">Clicking button 'xpath:(//button[@type='submit'])'.</msg>
<status status="PASS" starttime="20220810 10:52:34.608" endtime="20220810 10:52:34.808"/>
</kw>
<status status="PASS" starttime="20220810 10:52:33.889" endtime="20220810 10:52:34.808"/>
</kw>
<status status="PASS" starttime="20220810 10:52:31.160" endtime="20220810 10:52:34.808"/>
</kw>
<kw name="verify page contents on dashboard">
<kw name="wait until Element is located in the page" library="DashboardPage">
<kw name="Wait Until Page Contains Element" library="SeleniumLibrary">
<arg>${Valid_Message_Login}</arg>
<doc>Waits until the element ``locator`` appears on the current page.</doc>
<msg timestamp="20220810 10:52:40.059" level="INFO" html="true">&lt;/td&gt;&lt;/tr&gt;&lt;tr&gt;&lt;td colspan="3"&gt;&lt;a href="selenium-screenshot-1.png"&gt;&lt;img src="selenium-screenshot-1.png" width="800px"&gt;&lt;/a&gt;</msg>
<msg timestamp="20220810 10:52:40.060" level="FAIL">Element 'xpath:(//section[@id='pm-dashboard']//div//div//div//h1)' did not appear in 5 seconds.</msg>
<status status="FAIL" starttime="20220810 10:52:34.810" endtime="20220810 10:52:40.088"/>
</kw>
<status status="FAIL" starttime="20220810 10:52:34.809" endtime="20220810 10:52:40.092"/>
</kw>
<status status="FAIL" starttime="20220810 10:52:34.809" endtime="20220810 10:52:40.093"/>
</kw>
<kw name="Initiate RFQ from Dashboard">
<status status="NOT RUN" starttime="20220810 10:52:40.095" endtime="20220810 10:52:40.095"/>
</kw>
<kw name="Fill the RFQ Get Started">
<status status="NOT RUN" starttime="20220810 10:52:40.095" endtime="20220810 10:52:40.095"/>
</kw>
<kw name="Fill the Dates">
<status status="NOT RUN" starttime="20220810 10:52:40.096" endtime="20220810 10:52:40.098"/>
</kw>
<kw name="Verify Scope of Work">
<status status="NOT RUN" starttime="20220810 10:52:40.098" endtime="20220810 10:52:40.098"/>
</kw>
<kw name="Fill the Scope of Work">
<status status="NOT RUN" starttime="20220810 10:52:40.098" endtime="20220810 10:52:40.099"/>
</kw>
<status status="FAIL" starttime="20220810 10:52:24.794" endtime="20220810 10:52:40.101">Element 'xpath:(//section[@id='pm-dashboard']//div//div//div//h1)' did not appear in 5 seconds.</status>
</test>
<doc>To validate the login page</doc>
<status status="FAIL" starttime="20220810 10:52:24.296" endtime="20220810 10:52:40.102"/>
</suite>
<status status="FAIL" starttime="20220810 10:52:24.252" endtime="20220810 10:52:40.105"/>
</suite>
<statistics>
<total>
<stat pass="0" fail="1" skip="0">All Tests</stat>
</total>
<tag>
</tag>
<suite>
<stat pass="0" fail="1" skip="0" id="s1" name="Test">Test</stat>
<stat pass="0" fail="1" skip="0" id="s1-s1" name="Workoncodeupload">Test.Workoncodeupload</stat>
</suite>
</statistics>
<errors>
<msg timestamp="20220810 10:52:24.681" level="ERROR">Error in file 'C:\Users\kolat\PycharmProjects\RobotFramework\VendorPM\Test\Workoncodeupload.robot' on line 5: Importing library 'C:\Users\kolat\PycharmProjects\RobotFramework\VendorPM\UploadTest\Fileupload.py' failed: IndentationError: expected an indented block after class definition on line 7 (Fileupload.py, line 12)
Traceback (most recent call last):
  None
PYTHONPATH:
  C:\Users\kolat\PycharmProjects\RobotFramework\VendorPM\UploadTest
  C:\Users\kolat\AppData\Local\Programs\Python\Python310\Scripts\robot.exe
  C:\Users\kolat\AppData\Local\Programs\Python\Python310\python310.zip
  C:\Users\kolat\AppData\Local\Programs\Python\Python310\DLLs
  C:\Users\kolat\AppData\Local\Programs\Python\Python310\lib
  C:\Users\kolat\AppData\Local\Programs\Python\Python310
  C:\Users\kolat\AppData\Local\Programs\Python\Python310\lib\site-packages
  C:\Users\kolat\AppData\Local\Programs\Python\Python310\lib\site-packages\win32
  C:\Users\kolat\AppData\Local\Programs\Python\Python310\lib\site-packages\win32\lib
  C:\Users\kolat\AppData\Local\Programs\Python\Python310\lib\site-packages\Pythonwin</msg>
</errors>
</robot>
